TN:
SF:F:\Rice----------------\Courses19Fall\Web\HW4-FrontEnd\src\polyfills.ts
FNF:0
FNH:0
DA:64,1
LF:1
LH:1
BRF:0
BRH:0
end_of_record
TN:
SF:F:\Rice----------------\Courses19Fall\Web\HW4-FrontEnd\src\test.ts
FNF:0
FNH:0
DA:13,1
DA:18,1
DA:20,1
LF:3
LH:3
BRF:0
BRH:0
end_of_record
TN:
SF:F:\Rice----------------\Courses19Fall\Web\HW4-FrontEnd\src\app\app.component.ts
FN:3,(anonymous_0)
FNF:1
FNH:1
FNDA:1,(anonymous_0)
DA:8,1
DA:9,1
DA:10,1
LF:3
LH:3
BRF:0
BRH:0
end_of_record
TN:
SF:F:\Rice----------------\Courses19Fall\Web\HW4-FrontEnd\src\app\auth\auth.component.ts
FN:22,(anonymous_0)
FN:30,(anonymous_1)
FN:34,(anonymous_2)
FN:52,(anonymous_3)
FN:53,(anonymous_4)
FN:55,(anonymous_5)
FNF:6
FNH:4
FNDA:4,(anonymous_0)
FNDA:4,(anonymous_1)
FNDA:2,(anonymous_2)
FNDA:4,(anonymous_3)
FNDA:0,(anonymous_4)
FNDA:0,(anonymous_5)
DA:14,1
DA:15,4
DA:16,4
DA:17,4
DA:19,4
DA:20,4
DA:23,4
DA:24,4
DA:25,4
DA:31,4
DA:35,2
DA:37,2
DA:39,0
DA:46,2
DA:53,4
DA:54,0
DA:55,0
DA:56,0
DA:63,1
LF:19
LH:15
BRDA:37,0,0,0
BRDA:37,0,1,2
BRDA:54,1,0,0
BRDA:54,1,1,0
BRF:4
BRH:1
end_of_record
TN:
SF:F:\Rice----------------\Courses19Fall\Web\HW4-FrontEnd\src\app\auth\auth.service.ts
FN:9,(anonymous_0)
FN:11,(anonymous_1)
FN:15,(anonymous_2)
FNF:3
FNH:3
FNDA:6,(anonymous_0)
FNDA:5,(anonymous_1)
FNDA:3,(anonymous_2)
DA:7,1
DA:9,6
DA:12,5
DA:16,3
DA:17,1
DA:18,0
DA:21,3
LF:7
LH:6
BRDA:17,0,0,0
BRDA:17,0,1,1
BRDA:17,1,0,1
BRDA:17,1,1,0
BRF:4
BRH:2
end_of_record
TN:
SF:F:\Rice----------------\Courses19Fall\Web\HW4-FrontEnd\src\app\auth\registeration\registeration.component.ts
FN:14,(anonymous_0)
FN:19,(anonymous_1)
FN:23,(anonymous_2)
FN:24,(anonymous_3)
FN:26,(anonymous_4)
FN:32,(anonymous_5)
FNF:6
FNH:4
FNDA:7,(anonymous_0)
FNDA:6,(anonymous_1)
FNDA:6,(anonymous_2)
FNDA:0,(anonymous_3)
FNDA:0,(anonymous_4)
FNDA:1,(anonymous_5)
DA:12,1
DA:13,7
DA:15,7
DA:16,7
DA:17,7
DA:20,6
DA:24,6
DA:25,0
DA:26,0
DA:27,0
DA:33,1
DA:37,0
DA:39,1
LF:13
LH:9
BRDA:25,0,0,0
BRDA:25,0,1,0
BRDA:33,1,0,0
BRDA:33,1,1,1
BRDA:33,2,0,1
BRDA:33,2,1,0
BRDA:33,2,2,0
BRDA:33,2,3,0
BRF:8
BRH:2
end_of_record
TN:
SF:F:\Rice----------------\Courses19Fall\Web\HW4-FrontEnd\src\app\auth\registeration\registeration.service.ts
FN:10,(anonymous_0)
FN:12,(anonymous_1)
FN:17,(anonymous_2)
FN:24,(anonymous_3)
FN:72,(anonymous_4)
FN:90,(anonymous_5)
FN:107,(anonymous_6)
FNF:7
FNH:6
FNDA:12,(anonymous_0)
FNDA:0,(anonymous_1)
FNDA:1,(anonymous_2)
FNDA:2,(anonymous_3)
FNDA:1,(anonymous_4)
FNDA:1,(anonymous_5)
FNDA:1,(anonymous_6)
DA:8,1
DA:9,12
DA:10,12
DA:18,1
DA:20,1
DA:21,1
DA:27,2
DA:28,2
DA:29,2
DA:30,2
DA:31,2
DA:32,2
DA:33,2
DA:34,2
DA:35,2
DA:36,0
DA:39,2
DA:40,2
DA:41,1
DA:42,0
DA:43,0
DA:44,0
DA:47,0
DA:51,1
DA:52,1
DA:53,1
DA:56,0
DA:61,1
DA:64,2
DA:65,1
DA:66,1
DA:68,1
DA:74,1
DA:75,1
DA:76,1
DA:77,1
DA:78,1
DA:81,0
DA:83,1
DA:86,0
DA:91,1
DA:92,0
DA:93,0
DA:94,0
DA:98,1
DA:99,1
DA:100,1
DA:101,0
DA:102,0
DA:104,1
DA:108,1
DA:109,1
DA:110,1
DA:111,1
DA:112,1
DA:114,0
LF:56
LH:42
BRDA:35,0,0,0
BRDA:35,0,1,2
BRDA:40,1,0,1
BRDA:40,1,1,1
BRDA:41,2,0,0
BRDA:41,2,1,1
BRDA:43,3,0,0
BRDA:43,3,1,0
BRDA:52,4,0,1
BRDA:52,4,1,0
BRDA:64,5,0,1
BRDA:64,5,1,1
BRDA:76,6,0,1
BRDA:76,6,1,0
BRDA:76,7,0,1
BRDA:76,7,1,0
BRDA:77,8,0,1
BRDA:77,8,1,0
BRDA:92,9,0,0
BRDA:92,9,1,0
BRDA:100,10,0,0
BRDA:100,10,1,1
BRDA:110,11,0,1
BRDA:110,11,1,0
BRF:24
BRH:12
end_of_record
TN:
SF:F:\Rice----------------\Courses19Fall\Web\HW4-FrontEnd\src\app\main\main.component.ts
FN:22,(anonymous_0)
FN:27,(anonymous_1)
FN:32,(anonymous_2)
FN:39,(anonymous_3)
FN:48,(anonymous_4)
FN:53,(anonymous_5)
FN:57,(anonymous_6)
FN:64,(anonymous_7)
FN:68,(anonymous_8)
FN:69,(anonymous_9)
FN:71,(anonymous_10)
FN:83,(anonymous_11)
FN:84,(anonymous_12)
FN:86,(anonymous_13)
FN:94,(anonymous_14)
FN:96,(anonymous_15)
FN:101,(anonymous_16)
FN:105,(anonymous_17)
FN:130,(anonymous_18)
FN:131,(anonymous_19)
FN:133,(anonymous_20)
FNF:21
FNH:14
FNDA:13,(anonymous_0)
FNDA:13,(anonymous_1)
FNDA:8,(anonymous_2)
FNDA:1,(anonymous_3)
FNDA:1,(anonymous_4)
FNDA:1,(anonymous_5)
FNDA:1,(anonymous_6)
FNDA:1,(anonymous_7)
FNDA:9,(anonymous_8)
FNDA:0,(anonymous_9)
FNDA:0,(anonymous_10)
FNDA:8,(anonymous_11)
FNDA:0,(anonymous_12)
FNDA:0,(anonymous_13)
FNDA:1,(anonymous_14)
FNDA:0,(anonymous_15)
FNDA:4,(anonymous_16)
FNDA:1,(anonymous_17)
FNDA:8,(anonymous_18)
FNDA:0,(anonymous_19)
FNDA:0,(anonymous_20)
DA:12,1
DA:16,13
DA:18,13
DA:19,13
DA:20,13
DA:23,13
DA:24,13
DA:25,13
DA:27,13
DA:28,13
DA:33,8
DA:34,8
DA:35,8
DA:36,8
DA:40,1
DA:45,1
DA:49,1
DA:50,1
DA:54,1
DA:58,1
DA:60,1
DA:65,1
DA:69,9
DA:70,0
DA:71,0
DA:72,0
DA:73,0
DA:74,0
DA:75,0
DA:76,0
DA:80,9
DA:84,8
DA:85,0
DA:86,0
DA:87,0
DA:88,0
DA:95,1
DA:96,0
DA:98,1
DA:102,4
DA:106,1
DA:107,1
DA:108,0
DA:109,0
DA:112,1
DA:113,0
DA:114,0
DA:115,0
DA:116,0
DA:117,0
DA:120,0
DA:121,0
DA:122,0
DA:126,1
DA:131,8
DA:132,0
DA:133,0
DA:134,0
LF:58
LH:33
BRDA:58,0,0,1
BRDA:58,0,1,0
BRDA:70,1,0,0
BRDA:70,1,1,0
BRDA:72,2,0,0
BRDA:72,2,1,0
BRDA:85,3,0,0
BRDA:85,3,1,0
BRDA:87,4,0,0
BRDA:87,4,1,0
BRDA:87,5,0,0
BRDA:87,5,1,0
BRDA:87,5,2,0
BRDA:108,6,0,0
BRDA:108,6,1,0
BRDA:112,7,0,0
BRDA:112,7,1,1
BRDA:115,8,0,0
BRDA:115,8,1,0
BRDA:120,9,0,0
BRDA:120,9,1,0
BRDA:132,10,0,0
BRDA:132,10,1,0
BRF:23
BRH:2
end_of_record
TN:
SF:F:\Rice----------------\Courses19Fall\Web\HW4-FrontEnd\src\app\main\main.service.ts
FN:8,(anonymous_0)
FNF:1
FNH:1
FNDA:1,(anonymous_0)
DA:6,1
LF:1
LH:1
BRF:0
BRH:0
end_of_record
TN:
SF:F:\Rice----------------\Courses19Fall\Web\HW4-FrontEnd\src\app\main\posts\posts.component.ts
FN:28,(anonymous_0)
FN:33,(anonymous_1)
FN:39,(anonymous_2)
FN:49,(anonymous_3)
FN:56,(anonymous_4)
FN:62,(anonymous_5)
FN:66,(anonymous_6)
FNF:7
FNH:5
FNDA:5,(anonymous_0)
FNDA:0,(anonymous_1)
FNDA:3,(anonymous_2)
FNDA:2,(anonymous_3)
FNDA:0,(anonymous_4)
FNDA:1,(anonymous_5)
FNDA:2,(anonymous_6)
DA:15,1
DA:16,1
DA:19,5
DA:21,5
DA:22,5
DA:23,5
DA:29,5
DA:30,5
DA:34,0
DA:35,0
DA:40,3
DA:41,3
DA:42,3
DA:43,3
DA:44,3
DA:50,2
DA:51,2
DA:52,1
DA:53,1
DA:55,1
DA:56,0
DA:59,1
DA:63,1
DA:67,2
DA:68,1
DA:69,1
DA:70,1
DA:71,1
DA:73,1
LF:29
LH:26
BRDA:34,0,0,0
BRDA:34,0,1,0
BRDA:51,1,0,1
BRDA:51,1,1,1
BRDA:56,2,0,0
BRDA:56,2,1,0
BRDA:67,3,0,1
BRDA:67,3,1,1
BRF:8
BRH:4
end_of_record
TN:
SF:F:\Rice----------------\Courses19Fall\Web\HW4-FrontEnd\src\app\main\posts\posts.service.ts
FN:11,(anonymous_0)
FN:23,(anonymous_1)
FN:28,(anonymous_2)
FN:29,(anonymous_3)
FN:31,(anonymous_4)
FN:39,(anonymous_5)
FN:47,(anonymous_6)
FNF:7
FNH:5
FNDA:5,(anonymous_0)
FNDA:7,(anonymous_1)
FNDA:6,(anonymous_2)
FNDA:0,(anonymous_3)
FNDA:0,(anonymous_4)
FNDA:3,(anonymous_5)
FNDA:3,(anonymous_6)
DA:9,1
DA:10,5
DA:11,5
DA:24,7
DA:29,6
DA:30,0
DA:31,0
DA:32,0
DA:33,0
DA:40,3
DA:41,3
DA:42,3
DA:43,3
DA:44,3
DA:48,3
LF:15
LH:11
BRDA:30,0,0,0
BRDA:30,0,1,0
BRDA:32,1,0,0
BRDA:32,1,1,0
BRF:4
BRH:0
end_of_record
TN:
SF:F:\Rice----------------\Courses19Fall\Web\HW4-FrontEnd\src\app\profile\profile.component.ts
FN:23,(anonymous_0)
FN:29,(anonymous_1)
FN:34,(anonymous_2)
FN:39,(anonymous_3)
FN:48,(anonymous_4)
FN:96,(anonymous_5)
FN:97,(anonymous_6)
FN:99,(anonymous_7)
FNF:8
FNH:6
FNDA:5,(anonymous_0)
FNDA:5,(anonymous_1)
FNDA:4,(anonymous_2)
FNDA:1,(anonymous_3)
FNDA:2,(anonymous_4)
FNDA:4,(anonymous_5)
FNDA:0,(anonymous_6)
FNDA:0,(anonymous_7)
DA:12,1
DA:24,5
DA:25,5
DA:26,5
DA:27,5
DA:29,5
DA:30,5
DA:36,4
DA:37,4
DA:40,1
DA:45,1
DA:49,2
DA:50,1
DA:51,1
DA:54,1
DA:57,2
DA:58,2
DA:59,0
DA:60,0
DA:63,2
DA:66,2
DA:67,2
DA:68,0
DA:69,0
DA:72,2
DA:75,2
DA:76,2
DA:77,0
DA:78,0
DA:81,2
DA:84,2
DA:85,2
DA:86,0
DA:87,0
DA:90,2
DA:93,2
DA:97,4
DA:98,0
DA:99,0
DA:100,0
DA:101,0
DA:102,0
DA:103,0
DA:104,0
DA:108,4
LF:45
LH:30
BRDA:49,0,0,1
BRDA:49,0,1,1
BRDA:57,1,0,2
BRDA:57,1,1,0
BRDA:58,2,0,0
BRDA:58,2,1,2
BRDA:66,3,0,2
BRDA:66,3,1,0
BRDA:67,4,0,0
BRDA:67,4,1,2
BRDA:75,5,0,2
BRDA:75,5,1,0
BRDA:76,6,0,0
BRDA:76,6,1,2
BRDA:84,7,0,2
BRDA:84,7,1,0
BRDA:84,8,0,2
BRDA:84,8,1,0
BRDA:85,9,0,0
BRDA:85,9,1,2
BRDA:98,10,0,0
BRDA:98,10,1,0
BRDA:100,11,0,0
BRDA:100,11,1,0
BRF:24
BRH:11
end_of_record
TN:
SF:F:\Rice----------------\Courses19Fall\Web\HW4-FrontEnd\src\app\profile\profile.service.ts
FN:9,(anonymous_0)
FN:11,(anonymous_1)
FN:15,(anonymous_2)
FN:22,(anonymous_3)
FN:30,(anonymous_4)
FN:38,(anonymous_5)
FNF:6
FNH:6
FNDA:9,(anonymous_0)
FNDA:3,(anonymous_1)
FNDA:4,(anonymous_2)
FNDA:4,(anonymous_3)
FNDA:4,(anonymous_4)
FNDA:4,(anonymous_5)
DA:7,1
DA:12,3
DA:16,4
DA:17,1
DA:19,3
DA:23,4
DA:24,4
DA:25,3
DA:27,1
DA:31,4
DA:32,4
DA:33,3
DA:35,1
DA:39,4
DA:40,4
DA:41,3
DA:43,1
LF:17
LH:17
BRDA:16,0,0,1
BRDA:16,0,1,3
BRDA:24,1,0,3
BRDA:24,1,1,1
BRDA:32,2,0,3
BRDA:32,2,1,1
BRDA:40,3,0,3
BRDA:40,3,1,1
BRF:8
BRH:8
end_of_record
